<?xml version="1.0" encoding="UTF-8"?>
<!-- Generated by org.testng.reporters.JUnitXMLReporter -->
<testsuite ignored="4" hostname="DESKTOP-C49BVRJ" failures="0" tests="4" name="Test" time="87.629" errors="0" timestamp="2023-02-17T15:01:37 IST">
  <testcase classname="Testpack.Test1" name="HeaderTextVerfication" time="0.047"/>
  <testcase classname="Testpack.Test2" name="verificationOfPageTitleNumadic" time="6.998"/>
  <testcase classname="Testpack.Test2" name="verificationOfinterestedbutton" time="0.15"/>
  <testcase classname="Testpack.Test3" name="IfnoticePeriodIsEmptyFormCantSubmit" time="69.121"/>
  <testcase classname="Testpack.Base" name="@AfterTest Quit" time="0.0">
    <ignored/>
  </testcase> <!-- @AfterTest Quit -->
  <testcase classname="Testpack.Base" name="@BeforeTest Launching" time="0.0">
    <ignored/>
  </testcase> <!-- @BeforeTest Launching -->
  <testcase classname="Testpack.Base" name="@AfterTest Quit" time="0.0">
    <ignored/>
  </testcase> <!-- @AfterTest Quit -->
  <testcase classname="Testpack.Base" name="@BeforeTest Launching" time="0.0">
    <ignored/>
  </testcase> <!-- @BeforeTest Launching -->
</testsuite> <!-- Test -->
