<?xml version="1.0" encoding="UTF-8"?>
<testng-results ignored="4" total="8" passed="4" failed="0" skipped="0">
  <reporter-output>
  </reporter-output>
  <suite started-at="2023-02-17T15:00:10 IST" name="Suite" finished-at="2023-02-17T15:01:37 IST" duration-ms="87629">
    <groups>
    </groups>
    <test started-at="2023-02-17T15:00:10 IST" name="Test" finished-at="2023-02-17T15:01:37 IST" duration-ms="87629">
      <class name="Testpack.Test3">
        <test-method signature="IfnoticePeriodIsEmptyFormCantSubmit()[pri:0, instance:Testpack.Test3@3e27aa33]" started-at="2023-02-17T15:00:28 IST" name="IfnoticePeriodIsEmptyFormCantSubmit" finished-at="2023-02-17T15:01:37 IST" duration-ms="69121" status="PASS">
          <reporter-output>
          </reporter-output>
        </test-method> <!-- IfnoticePeriodIsEmptyFormCantSubmit -->
      </class> <!-- Testpack.Test3 -->
      <class name="Testpack.Test1">
        <test-method is-config="true" signature="Launching()[pri:0, instance:Testpack.Test1@71ba6d4e]" started-at="2023-02-17T15:00:10 IST" name="Launching" finished-at="2023-02-17T15:00:20 IST" duration-ms="10863" status="PASS">
          <reporter-output>
          </reporter-output>
        </test-method> <!-- Launching -->
        <test-method signature="HeaderTextVerfication()[pri:0, instance:Testpack.Test1@71ba6d4e]" started-at="2023-02-17T15:00:20 IST" name="HeaderTextVerfication" finished-at="2023-02-17T15:00:20 IST" duration-ms="47" status="PASS">
          <reporter-output>
          </reporter-output>
        </test-method> <!-- HeaderTextVerfication -->
        <test-method is-config="true" signature="Quit()[pri:0, instance:Testpack.Test1@71ba6d4e]" started-at="2023-02-17T15:01:37 IST" name="Quit" finished-at="2023-02-17T15:01:37 IST" duration-ms="388" status="PASS">
          <reporter-output>
          </reporter-output>
        </test-method> <!-- Quit -->
      </class> <!-- Testpack.Test1 -->
      <class name="Testpack.Test2">
        <test-method signature="verificationOfPageTitleNumadic()[pri:0, instance:Testpack.Test2@750e2b97]" started-at="2023-02-17T15:00:20 IST" name="verificationOfPageTitleNumadic" finished-at="2023-02-17T15:00:27 IST" duration-ms="6998" status="PASS">
          <reporter-output>
          </reporter-output>
        </test-method> <!-- verificationOfPageTitleNumadic -->
        <test-method signature="verificationOfinterestedbutton()[pri:0, instance:Testpack.Test2@750e2b97]" started-at="2023-02-17T15:00:27 IST" name="verificationOfinterestedbutton" finished-at="2023-02-17T15:00:28 IST" duration-ms="150" status="PASS">
          <reporter-output>
          </reporter-output>
        </test-method> <!-- verificationOfinterestedbutton -->
      </class> <!-- Testpack.Test2 -->
    </test> <!-- Test -->
  </suite> <!-- Suite -->
</testng-results>
